Mon Nov 25 05:47:15 MYT 2019|Logged in: admin|0
Mon Nov 25 05:54:32 MYT 2019|Logged in: admin|0
Mon Nov 25 05:56:17 MYT 2019|Logged in: admin|0
Mon Nov 25 05:58:58 MYT 2019|Logged in: pm|1
Mon Nov 25 06:01:03 MYT 2019|Logged in: admin|0
Mon Nov 25 06:02:15 MYT 2019|Logged in: admin|0
Mon Nov 25 06:02:31 MYT 2019|Logged in: pm|1
Mon Nov 25 06:02:47 MYT 2019|Logged in: admin|0
Mon Nov 25 11:35:34 MYT 2019|Logged in: admin|0
Tue Nov 26 11:35:14 MYT 2019|Logged in: admin|0
Tue Nov 26 11:35:46 MYT 2019|Logged in: admin|0
Tue Nov 26 11:36:24 MYT 2019|Logged in: admin|0
Tue Nov 26 11:36:57 MYT 2019|Logged in: admin|0
Tue Nov 26 11:37:27 MYT 2019|Logged in: admin|0
Tue Nov 26 11:38:18 MYT 2019|Logged in: admin|0
Tue Nov 26 12:08:49 MYT 2019|Logged in: admin|0
Tue Nov 26 12:09:16 MYT 2019|Logged in: pm|1
Tue Nov 26 12:12:04 MYT 2019|Logged in: admin|0
Tue Nov 26 12:12:15 MYT 2019|Logged in: pm|1
Tue Nov 26 12:12:56 MYT 2019|Logged in: admin|0
Thu Nov 28 14:26:30 MYT 2019|Logged in: admin|0
