Mon Nov 25 05:55:21 MYT 2019|Added product: asd|0
Mon Nov 25 11:35:44 MYT 2019|Added category: zxc|0
Mon Nov 25 11:36:05 MYT 2019|Added product: asd|0
Mon Nov 25 11:36:09 MYT 2019|Deleted product: asd|0
Mon Nov 25 11:36:58 MYT 2019|Edited product: asd|0
Mon Nov 25 11:36:59 MYT 2019|Edited product: asd|0
Thu Nov 28 14:28:18 MYT 2019|Added product: asd|0
Fri Nov 29 12:36:57 MYT 2019|Added category: mnb|0
Fri Nov 29 12:37:09 MYT 2019|Edited product: asd|0
Fri Nov 29 12:44:31 MYT 2019|Edited product: asd|0
Sun Dec 01 12:01:27 MYT 2019|Added product: prod1|0
Sun Dec 01 12:01:34 MYT 2019|Added product: prod2|0
Sun Dec 01 12:01:40 MYT 2019|Added product: prod3|0
Sun Dec 01 12:19:30 MYT 2019|Added product: prod4|0
Sun Dec 01 12:19:36 MYT 2019|Added product: prod5|0
Sun Dec 01 12:19:45 MYT 2019|Added product: prod6|0
Sun Dec 01 14:38:29 MYT 2019|Added product: prod7|0
Sun Dec 01 16:24:55 MYT 2019|Added catalogue: asd|0
Sun Dec 01 16:30:03 MYT 2019|Added catalogue: asd|0
Sun Dec 01 16:30:14 MYT 2019|Added catalogue: as|0
Sun Dec 01 16:30:39 MYT 2019|Edited catalogue: asd|0
Sun Dec 01 16:30:44 MYT 2019|Edited catalogue: asd|0
Sun Dec 01 16:30:45 MYT 2019|Edited catalogue: as|0
Sun Dec 01 16:30:57 MYT 2019|Edited catalogue: as|0
Sun Dec 01 16:31:10 MYT 2019|Added catalogue: asd|0
Sun Dec 01 16:31:11 MYT 2019|Edited catalogue: asd|0
Sun Dec 01 16:31:25 MYT 2019|Edited catalogue: asd|0
Sun Dec 01 16:41:28 MYT 2019|Edited catalogue: asd|0
Sun Dec 01 16:41:29 MYT 2019|Edited catalogue: asd|0
Sun Dec 01 16:41:30 MYT 2019|Edited catalogue: as|0
Sun Dec 01 16:41:43 MYT 2019|Edited catalogue: asd|0
Sun Dec 01 16:41:44 MYT 2019|Edited catalogue: asd|0
Sun Dec 01 16:42:14 MYT 2019|Edited catalogue: asd|0
Sun Dec 01 16:43:28 MYT 2019|Edited catalogue: asd|0
Sun Dec 01 16:43:53 MYT 2019|Edited catalogue: as|0
Sun Dec 01 16:44:11 MYT 2019|Edited catalogue: as|0
Sun Dec 01 16:46:27 MYT 2019|Edited catalogue: as|0
Sun Dec 01 16:48:05 MYT 2019|Edited catalogue: as|0
Sun Dec 01 16:48:12 MYT 2019|Edited catalogue: as|0
Sun Dec 01 16:48:14 MYT 2019|Edited catalogue: as|0
Sun Dec 01 16:48:19 MYT 2019|Edited catalogue: as|0
Sun Dec 01 16:48:43 MYT 2019|Edited product: prod6|0
Sun Dec 01 16:48:44 MYT 2019|Edited product: prod6|0
Sun Dec 01 16:48:49 MYT 2019|Edited catalogue: as|0
Sun Dec 01 16:48:50 MYT 2019|Edited catalogue: as|0
Sun Dec 01 16:48:50 MYT 2019|Edited catalogue: as|0
Sun Dec 01 16:48:53 MYT 2019|Edited catalogue: as|0
Sun Dec 01 16:48:53 MYT 2019|Edited catalogue: as|0
Sun Dec 01 16:48:54 MYT 2019|Edited catalogue: as|0
Sun Dec 01 16:48:56 MYT 2019|Edited catalogue: asd|0
Sun Dec 01 16:49:05 MYT 2019|Edited catalogue: asd|0
Sun Dec 01 16:49:23 MYT 2019|Edited catalogue: as|0
Sun Dec 01 16:49:32 MYT 2019|Edited catalogue: as|0
Sun Dec 01 16:49:35 MYT 2019|Edited catalogue: asd|0
Sun Dec 01 16:49:37 MYT 2019|Edited catalogue: asd|0
Sun Dec 01 16:49:38 MYT 2019|Edited catalogue: as|0
Sun Dec 01 16:49:40 MYT 2019|Edited catalogue: as|0
Sun Dec 01 16:51:34 MYT 2019|Edited catalogue: as|0
Sun Dec 01 16:51:48 MYT 2019|Edited catalogue: asd|0
Sun Dec 01 16:51:48 MYT 2019|Edited catalogue: asd|0
Sun Dec 01 16:51:53 MYT 2019|Edited catalogue: asd|0
Sun Dec 01 16:51:58 MYT 2019|Edited catalogue: asd|0
Sun Dec 01 16:52:00 MYT 2019|Edited catalogue: asd|0
Sun Dec 01 16:52:02 MYT 2019|Edited catalogue: asd|0
Sun Dec 01 16:52:04 MYT 2019|Edited catalogue: as|0
Sun Dec 01 16:52:07 MYT 2019|Edited catalogue: asd|0
Sun Dec 01 16:52:08 MYT 2019|Edited catalogue: asd|0
Sun Dec 01 16:52:11 MYT 2019|Edited catalogue: asd|0
Sun Dec 01 16:52:11 MYT 2019|Edited catalogue: asd|0
Sun Dec 01 16:55:11 MYT 2019|Edited catalogue: as|0
Sun Dec 01 16:55:13 MYT 2019|Edited catalogue: as|0
Sun Dec 01 16:55:13 MYT 2019|Edited catalogue: as|0
Sun Dec 01 16:55:16 MYT 2019|Edited catalogue: asd|0
Sun Dec 01 16:55:16 MYT 2019|Edited catalogue: asd|0
Sun Dec 01 16:55:21 MYT 2019|Edited catalogue: asd|0
Sun Dec 01 16:55:23 MYT 2019|Edited catalogue: asd|0
Sun Dec 01 16:55:24 MYT 2019|Edited catalogue: asd|0
Sun Dec 01 16:55:25 MYT 2019|Edited catalogue: asd|0
Sun Dec 01 16:55:26 MYT 2019|Edited catalogue: as|0
Sun Dec 01 16:55:32 MYT 2019|Edited catalogue: as|0
Sun Dec 01 16:55:33 MYT 2019|Edited catalogue: asd|0
Sun Dec 01 16:55:34 MYT 2019|Edited catalogue: asd|0
Sun Dec 01 16:55:37 MYT 2019|Edited catalogue: asd|0
Sun Dec 01 16:55:40 MYT 2019|Edited catalogue: as|0
Sun Dec 01 16:55:40 MYT 2019|Edited catalogue: as|0
Sun Dec 01 16:55:41 MYT 2019|Edited catalogue: as|0
Sun Dec 01 16:55:42 MYT 2019|Edited catalogue: asd|0
Sun Dec 01 16:55:44 MYT 2019|Edited catalogue: asd|0
Sun Dec 01 16:55:45 MYT 2019|Edited catalogue: as|0
Sun Dec 01 16:56:38 MYT 2019|Added product: asd|0
Sun Dec 01 16:56:46 MYT 2019|Added product: prod1|0
Sun Dec 01 16:56:52 MYT 2019|Added product: prod2|0
Sun Dec 01 16:56:56 MYT 2019|Deleted catalogue: asd|0
Sun Dec 01 16:56:57 MYT 2019|Deleted catalogue: asd|0
Sun Dec 01 16:56:59 MYT 2019|Deleted catalogue: as|0
Sun Dec 01 16:57:12 MYT 2019|Added catalogue: asd|0
Sun Dec 01 16:57:30 MYT 2019|Edited catalogue: asd|0
Sun Dec 01 16:57:31 MYT 2019|Edited catalogue: asd|0
Sun Dec 01 17:00:57 MYT 2019|Added product: asd|0
Sun Dec 01 17:01:03 MYT 2019|Added product: zxc|0
Sun Dec 01 17:01:10 MYT 2019|Deleted catalogue: asd|0
Sun Dec 01 17:01:19 MYT 2019|Added catalogue: asd|0
Sun Dec 01 17:01:21 MYT 2019|Edited catalogue: asd|0
Sun Dec 01 17:01:25 MYT 2019|Edited catalogue: asd|0
Sun Dec 01 17:01:28 MYT 2019|Edited catalogue: asd|0
Sun Dec 01 17:01:33 MYT 2019|Edited catalogue: asd|0
Sun Dec 01 17:01:50 MYT 2019|Edited catalogue: asd|0
Sun Dec 01 17:01:54 MYT 2019|Edited catalogue: asd|0
Sun Dec 01 17:03:46 MYT 2019|Added product: asd|0
Sun Dec 01 17:04:32 MYT 2019|Added product: asd|0
Sun Dec 01 17:28:44 MYT 2019|Added product: qwe|0
Sun Dec 01 17:28:58 MYT 2019|Added catalogue: zxc|0
Sun Dec 01 18:41:43 MYT 2019|Edited product: asd|0
Sun Dec 01 18:41:44 MYT 2019|Edited product: asd|0
Sun Dec 01 21:35:31 MYT 2019|Edited product: asd|0
Sun Dec 01 21:35:32 MYT 2019|Edited product: asd|0
Sun Dec 01 21:37:35 MYT 2019|Edited product: asd|0
Sun Dec 01 21:45:25 MYT 2019|Added product: asd|1
Sun Dec 01 21:45:53 MYT 2019|Edited catalogue: asd|1
Sun Dec 01 21:46:11 MYT 2019|Edited catalogue: asd|1
Sun Dec 01 21:46:28 MYT 2019|Added product: zxczxczxc|1
Sun Dec 01 21:46:56 MYT 2019|Edited catalogue: asd|1
Sun Dec 01 21:47:37 MYT 2019|Added product: shan|1
Sun Dec 01 23:25:25 MYT 2019|Added catalogue: asd|0
Sun Dec 01 23:35:39 MYT 2019|Added catalogue: ZX|1
Sun Dec 01 23:36:03 MYT 2019|Added product: 1|1
Sun Dec 01 23:36:29 MYT 2019|Edited catalogue: ZX|1
Sun Dec 01 23:36:31 MYT 2019|Edited catalogue: ZX|1
Mon Dec 02 01:23:17 MYT 2019|Added catalogue: sdfsdf|0
Mon Dec 02 01:23:30 MYT 2019|Edited catalogue: sdfsdf|0
Mon Dec 02 01:23:34 MYT 2019|Edited catalogue: sdfsdf|0
Mon Dec 02 06:18:38 MYT 2019|Added product: asda|0
Mon Dec 02 06:19:14 MYT 2019|Added product: asdasd|0
Mon Dec 02 06:20:19 MYT 2019|Edited product: shana|0
Mon Dec 02 06:29:03 MYT 2019|Edited product: shana|0
Mon Dec 02 06:29:22 MYT 2019|Added product: qwer|0
Mon Dec 02 06:29:41 MYT 2019|Added product: qwrrq|0
Mon Dec 02 07:03:55 MYT 2019|Deleted catalogue: ZX|0
Mon Dec 02 07:42:00 MYT 2019|Edited catalogue: ZX|0
